{"uuid":"2368dc4b-6f62-47eb-b94d-fdd207340cf1","historyId":"a4c5cb2a7d86c0903a9a24453b646023","fullName":"tests.ContactUsTest.verifyContactUsForm","labels":[{"name":"package","value":"tests.ContactUsTest"},{"name":"testClass","value":"tests.ContactUsTest"},{"name":"testMethod","value":"verifyContactUsForm"},{"name":"parentSuite","value":"Suite"},{"name":"suite","value":"Contact Us Tests"},{"name":"subSuite","value":"tests.ContactUsTest"},{"name":"host","value":"DESKTOP-3ROEG2M"},{"name":"thread","value":"9804@DESKTOP-3ROEG2M.main(1)"},{"name":"framework","value":"testng"},{"name":"language","value":"java"}],"links":[],"name":"verifyContactUsForm","status":"failed","statusDetails":{"known":false,"muted":false,"flaky":false,"message":"One or more validations FAILED.\n\n❌ Phone Number Validation Failed\nEntered Value: 98765abc10\nRule: Only digits allowed & must be exactly 10 digits.\n\n","trace":"java.lang.AssertionError: One or more validations FAILED.\n\n❌ Phone Number Validation Failed\nEntered Value: 98765abc10\nRule: Only digits allowed & must be exactly 10 digits.\n\n\r\n\tat org.testng.Assert.fail(Assert.java:111)\r\n\tat tests.ContactUsTest.verifyContactUsForm(ContactUsTest.java:81)\r\n\tat java.base/jdk.internal.reflect.DirectMethodHandleAccessor.invoke(DirectMethodHandleAccessor.java:103)\r\n\tat java.base/java.lang.reflect.Method.invoke(Method.java:580)\r\n\tat org.testng.internal.invokers.MethodInvocationHelper.invokeMethod(MethodInvocationHelper.java:141)\r\n\tat org.testng.internal.invokers.TestInvoker.invokeMethod(TestInvoker.java:686)\r\n\tat org.testng.internal.invokers.TestInvoker.invokeTestMethod(TestInvoker.java:230)\r\n\tat org.testng.internal.invokers.MethodRunner.runInSequence(MethodRunner.java:63)\r\n\tat org.testng.internal.invokers.TestInvoker$MethodInvocationAgent.invoke(TestInvoker.java:992)\r\n\tat org.testng.internal.invokers.TestInvoker.invokeTestMethods(TestInvoker.java:203)\r\n\tat org.testng.internal.invokers.TestMethodWorker.invokeTestMethods(TestMethodWorker.java:154)\r\n\tat org.testng.internal.invokers.TestMethodWorker.run(TestMethodWorker.java:134)\r\n\tat java.base/java.util.ArrayList.forEach(ArrayList.java:1596)\r\n\tat org.testng.TestRunner.privateRun(TestRunner.java:739)\r\n\tat org.testng.TestRunner.run(TestRunner.java:614)\r\n\tat org.testng.SuiteRunner.runTest(SuiteRunner.java:421)\r\n\tat org.testng.SuiteRunner.runSequentially(SuiteRunner.java:413)\r\n\tat org.testng.SuiteRunner.privateRun(SuiteRunner.java:373)\r\n\tat org.testng.SuiteRunner.run(SuiteRunner.java:312)\r\n\tat org.testng.SuiteRunnerWorker.runSuite(SuiteRunnerWorker.java:52)\r\n\tat org.testng.SuiteRunnerWorker.run(SuiteRunnerWorker.java:95)\r\n\tat org.testng.TestNG.runSuitesSequentially(TestNG.java:1274)\r\n\tat org.testng.TestNG.runSuitesLocally(TestNG.java:1208)\r\n\tat org.testng.TestNG.runSuites(TestNG.java:1112)\r\n\tat org.testng.TestNG.run(TestNG.java:1079)\r\n\tat com.intellij.rt.testng.IDEARemoteTestNG.run(IDEARemoteTestNG.java:65)\r\n\tat com.intellij.rt.testng.RemoteTestNGStarter.main(RemoteTestNGStarter.java:105)\r\n"},"stage":"finished","steps":[],"attachments":[{"name":"Test Started","source":"de593023-60ef-44a7-a85f-623f9ebd5511-attachment.txt","type":"text/plain"},{"name":"Validation Errors","source":"bb091639-75a0-4312-8720-dcadd2ad3d83-attachment.txt","type":"text/plain"},{"name":"Screenshot","source":"bcca9d4d-5e81-460e-903b-cf6fa1b28dee-attachment","type":"image/png"},{"name":"Failure Reason","source":"b2b491d5-8754-4ad6-9a1d-cb753f0bc093-attachment.txt","type":"text/plain"},{"name":"Screenshot","source":"f29cb9a1-38ad-4a49-a098-df66ae578243-attachment","type":"image/png"}],"parameters":[{"name":"arg3","value":"Villa"},{"name":"arg2","value":"sita@gmail.com"},{"name":"arg4","value":"Hello 123"},{"name":"arg1","value":"98765abc10"},{"name":"arg0","value":"Sita"}],"start":1764397510972,"stop":1764397518049}