{"uuid":"411252d8-889c-47e1-9f50-58a12d8e606b","historyId":"95ff0e2e468242ed55d2b58aca8b5a8f","fullName":"tests.ContactUsTest.verifyContactUsForm","labels":[{"name":"package","value":"tests.ContactUsTest"},{"name":"testClass","value":"tests.ContactUsTest"},{"name":"testMethod","value":"verifyContactUsForm"},{"name":"parentSuite","value":"Suite"},{"name":"suite","value":"Contact Us Tests"},{"name":"subSuite","value":"tests.ContactUsTest"},{"name":"host","value":"DESKTOP-3ROEG2M"},{"name":"thread","value":"9804@DESKTOP-3ROEG2M.main(1)"},{"name":"framework","value":"testng"},{"name":"language","value":"java"}],"links":[],"name":"verifyContactUsForm","status":"failed","statusDetails":{"known":false,"muted":false,"flaky":false,"message":"One or more validations FAILED.\n\n❌ Full Name Validation Failed\nEntered Value: Ram#\nRule: Only alphabets and spaces allowed.\n\n","trace":"java.lang.AssertionError: One or more validations FAILED.\n\n❌ Full Name Validation Failed\nEntered Value: Ram#\nRule: Only alphabets and spaces allowed.\n\n\r\n\tat org.testng.Assert.fail(Assert.java:111)\r\n\tat tests.ContactUsTest.verifyContactUsForm(ContactUsTest.java:81)\r\n\tat java.base/jdk.internal.reflect.DirectMethodHandleAccessor.invoke(DirectMethodHandleAccessor.java:103)\r\n\tat java.base/java.lang.reflect.Method.invoke(Method.java:580)\r\n\tat org.testng.internal.invokers.MethodInvocationHelper.invokeMethod(MethodInvocationHelper.java:141)\r\n\tat org.testng.internal.invokers.TestInvoker.invokeMethod(TestInvoker.java:686)\r\n\tat org.testng.internal.invokers.TestInvoker.invokeTestMethod(TestInvoker.java:230)\r\n\tat org.testng.internal.invokers.MethodRunner.runInSequence(MethodRunner.java:63)\r\n\tat org.testng.internal.invokers.TestInvoker$MethodInvocationAgent.invoke(TestInvoker.java:992)\r\n\tat org.testng.internal.invokers.TestInvoker.invokeTestMethods(TestInvoker.java:203)\r\n\tat org.testng.internal.invokers.TestMethodWorker.invokeTestMethods(TestMethodWorker.java:154)\r\n\tat org.testng.internal.invokers.TestMethodWorker.run(TestMethodWorker.java:134)\r\n\tat java.base/java.util.ArrayList.forEach(ArrayList.java:1596)\r\n\tat org.testng.TestRunner.privateRun(TestRunner.java:739)\r\n\tat org.testng.TestRunner.run(TestRunner.java:614)\r\n\tat org.testng.SuiteRunner.runTest(SuiteRunner.java:421)\r\n\tat org.testng.SuiteRunner.runSequentially(SuiteRunner.java:413)\r\n\tat org.testng.SuiteRunner.privateRun(SuiteRunner.java:373)\r\n\tat org.testng.SuiteRunner.run(SuiteRunner.java:312)\r\n\tat org.testng.SuiteRunnerWorker.runSuite(SuiteRunnerWorker.java:52)\r\n\tat org.testng.SuiteRunnerWorker.run(SuiteRunnerWorker.java:95)\r\n\tat org.testng.TestNG.runSuitesSequentially(TestNG.java:1274)\r\n\tat org.testng.TestNG.runSuitesLocally(TestNG.java:1208)\r\n\tat org.testng.TestNG.runSuites(TestNG.java:1112)\r\n\tat org.testng.TestNG.run(TestNG.java:1079)\r\n\tat com.intellij.rt.testng.IDEARemoteTestNG.run(IDEARemoteTestNG.java:65)\r\n\tat com.intellij.rt.testng.RemoteTestNGStarter.main(RemoteTestNGStarter.java:105)\r\n"},"stage":"finished","steps":[],"attachments":[{"name":"Test Started","source":"1c17ef4c-9b5a-4cce-84c6-2f125bdff96f-attachment.txt","type":"text/plain"},{"name":"Validation Errors","source":"40775295-506e-48e1-8eee-f1a03a7542d2-attachment.txt","type":"text/plain"},{"name":"Screenshot","source":"c13d5edd-6dec-41e8-afb6-9253607ede87-attachment","type":"image/png"},{"name":"Failure Reason","source":"80108f5a-5bf6-402c-bcce-240bd31a27b5-attachment.txt","type":"text/plain"},{"name":"Screenshot","source":"128cfa5d-69c4-4cd3-a49c-7dae15a517d9-attachment","type":"image/png"}],"parameters":[{"name":"arg3","value":"Plots"},{"name":"arg2","value":"ram@xyz.com"},{"name":"arg4","value":"msg123"},{"name":"arg1","value":"9876543210"},{"name":"arg0","value":"Ram#"}],"start":1764397502033,"stop":1764397509162}