{"uuid":"5dd1ba29-3283-4f62-acf1-16c5c8e66326","historyId":"d08c3f67858bdfc588f9165d59cf44dc","fullName":"tests.ContactUsTest.verifyContactUsForm","labels":[{"name":"package","value":"tests.ContactUsTest"},{"name":"testClass","value":"tests.ContactUsTest"},{"name":"testMethod","value":"verifyContactUsForm"},{"name":"parentSuite","value":"Suite"},{"name":"suite","value":"Contact Us Tests"},{"name":"subSuite","value":"tests.ContactUsTest"},{"name":"host","value":"DESKTOP-3ROEG2M"},{"name":"thread","value":"9804@DESKTOP-3ROEG2M.main(1)"},{"name":"framework","value":"testng"},{"name":"language","value":"java"}],"links":[],"name":"verifyContactUsForm","status":"failed","statusDetails":{"known":false,"muted":false,"flaky":false,"message":"One or more validations FAILED.\n\n❌ Phone Number Validation Failed\nEntered Value: 12345\nRule: Only digits allowed & must be exactly 10 digits.\n\n","trace":"java.lang.AssertionError: One or more validations FAILED.\n\n❌ Phone Number Validation Failed\nEntered Value: 12345\nRule: Only digits allowed & must be exactly 10 digits.\n\n\r\n\tat org.testng.Assert.fail(Assert.java:111)\r\n\tat tests.ContactUsTest.verifyContactUsForm(ContactUsTest.java:81)\r\n\tat java.base/jdk.internal.reflect.DirectMethodHandleAccessor.invoke(DirectMethodHandleAccessor.java:103)\r\n\tat java.base/java.lang.reflect.Method.invoke(Method.java:580)\r\n\tat org.testng.internal.invokers.MethodInvocationHelper.invokeMethod(MethodInvocationHelper.java:141)\r\n\tat org.testng.internal.invokers.TestInvoker.invokeMethod(TestInvoker.java:686)\r\n\tat org.testng.internal.invokers.TestInvoker.invokeTestMethod(TestInvoker.java:230)\r\n\tat org.testng.internal.invokers.MethodRunner.runInSequence(MethodRunner.java:63)\r\n\tat org.testng.internal.invokers.TestInvoker$MethodInvocationAgent.invoke(TestInvoker.java:992)\r\n\tat org.testng.internal.invokers.TestInvoker.invokeTestMethods(TestInvoker.java:203)\r\n\tat org.testng.internal.invokers.TestMethodWorker.invokeTestMethods(TestMethodWorker.java:154)\r\n\tat org.testng.internal.invokers.TestMethodWorker.run(TestMethodWorker.java:134)\r\n\tat java.base/java.util.ArrayList.forEach(ArrayList.java:1596)\r\n\tat org.testng.TestRunner.privateRun(TestRunner.java:739)\r\n\tat org.testng.TestRunner.run(TestRunner.java:614)\r\n\tat org.testng.SuiteRunner.runTest(SuiteRunner.java:421)\r\n\tat org.testng.SuiteRunner.runSequentially(SuiteRunner.java:413)\r\n\tat org.testng.SuiteRunner.privateRun(SuiteRunner.java:373)\r\n\tat org.testng.SuiteRunner.run(SuiteRunner.java:312)\r\n\tat org.testng.SuiteRunnerWorker.runSuite(SuiteRunnerWorker.java:52)\r\n\tat org.testng.SuiteRunnerWorker.run(SuiteRunnerWorker.java:95)\r\n\tat org.testng.TestNG.runSuitesSequentially(TestNG.java:1274)\r\n\tat org.testng.TestNG.runSuitesLocally(TestNG.java:1208)\r\n\tat org.testng.TestNG.runSuites(TestNG.java:1112)\r\n\tat org.testng.TestNG.run(TestNG.java:1079)\r\n\tat com.intellij.rt.testng.IDEARemoteTestNG.run(IDEARemoteTestNG.java:65)\r\n\tat com.intellij.rt.testng.RemoteTestNGStarter.main(RemoteTestNGStarter.java:105)\r\n"},"stage":"finished","steps":[],"attachments":[{"name":"Test Started","source":"a84d1da0-bb6d-4ce7-a87a-ee8a5267ae47-attachment.txt","type":"text/plain"},{"name":"Validation Errors","source":"374539c5-ba20-4a49-8c95-aea73fca09e7-attachment.txt","type":"text/plain"},{"name":"Screenshot","source":"0d6c1f2b-53a9-4fca-b242-c1c5bd56e02c-attachment","type":"image/png"},{"name":"Failure Reason","source":"9594bff1-f121-40a3-bf64-407a4cbb58c4-attachment.txt","type":"text/plain"},{"name":"Screenshot","source":"72c4782e-a0c1-4ff2-babd-efa8c4bdb78f-attachment","type":"image/png"}],"parameters":[{"name":"arg3","value":"Plots"},{"name":"arg2","value":"ramu@gmail.com"},{"name":"arg4","value":"Hello World"},{"name":"arg1","value":"12345"},{"name":"arg0","value":"Ramu"}],"start":1764397519935,"stop":1764397527049}