{"uuid":"9814dcfc-2efc-44ec-b855-a1019e631cf6","historyId":"5c043408d0f26e4f480da889cc8747bb","fullName":"tests.ContactUsTest.verifyContactUsForm","labels":[{"name":"package","value":"tests.ContactUsTest"},{"name":"testClass","value":"tests.ContactUsTest"},{"name":"testMethod","value":"verifyContactUsForm"},{"name":"parentSuite","value":"Suite"},{"name":"suite","value":"Contact Us Tests"},{"name":"subSuite","value":"tests.ContactUsTest"},{"name":"host","value":"DESKTOP-3ROEG2M"},{"name":"thread","value":"9804@DESKTOP-3ROEG2M.main(1)"},{"name":"framework","value":"testng"},{"name":"language","value":"java"}],"links":[],"name":"verifyContactUsForm","status":"failed","statusDetails":{"known":false,"muted":false,"flaky":false,"message":"One or more validations FAILED.\n\n❌ Full Name Validation Failed\nEntered Value: Pavan123\nRule: Only alphabets and spaces allowed.\n\n","trace":"java.lang.AssertionError: One or more validations FAILED.\n\n❌ Full Name Validation Failed\nEntered Value: Pavan123\nRule: Only alphabets and spaces allowed.\n\n\r\n\tat org.testng.Assert.fail(Assert.java:111)\r\n\tat tests.ContactUsTest.verifyContactUsForm(ContactUsTest.java:81)\r\n\tat java.base/jdk.internal.reflect.DirectMethodHandleAccessor.invoke(DirectMethodHandleAccessor.java:103)\r\n\tat java.base/java.lang.reflect.Method.invoke(Method.java:580)\r\n\tat org.testng.internal.invokers.MethodInvocationHelper.invokeMethod(MethodInvocationHelper.java:141)\r\n\tat org.testng.internal.invokers.TestInvoker.invokeMethod(TestInvoker.java:686)\r\n\tat org.testng.internal.invokers.TestInvoker.invokeTestMethod(TestInvoker.java:230)\r\n\tat org.testng.internal.invokers.MethodRunner.runInSequence(MethodRunner.java:63)\r\n\tat org.testng.internal.invokers.TestInvoker$MethodInvocationAgent.invoke(TestInvoker.java:992)\r\n\tat org.testng.internal.invokers.TestInvoker.invokeTestMethods(TestInvoker.java:203)\r\n\tat org.testng.internal.invokers.TestMethodWorker.invokeTestMethods(TestMethodWorker.java:154)\r\n\tat org.testng.internal.invokers.TestMethodWorker.run(TestMethodWorker.java:134)\r\n\tat java.base/java.util.ArrayList.forEach(ArrayList.java:1596)\r\n\tat org.testng.TestRunner.privateRun(TestRunner.java:739)\r\n\tat org.testng.TestRunner.run(TestRunner.java:614)\r\n\tat org.testng.SuiteRunner.runTest(SuiteRunner.java:421)\r\n\tat org.testng.SuiteRunner.runSequentially(SuiteRunner.java:413)\r\n\tat org.testng.SuiteRunner.privateRun(SuiteRunner.java:373)\r\n\tat org.testng.SuiteRunner.run(SuiteRunner.java:312)\r\n\tat org.testng.SuiteRunnerWorker.runSuite(SuiteRunnerWorker.java:52)\r\n\tat org.testng.SuiteRunnerWorker.run(SuiteRunnerWorker.java:95)\r\n\tat org.testng.TestNG.runSuitesSequentially(TestNG.java:1274)\r\n\tat org.testng.TestNG.runSuitesLocally(TestNG.java:1208)\r\n\tat org.testng.TestNG.runSuites(TestNG.java:1112)\r\n\tat org.testng.TestNG.run(TestNG.java:1079)\r\n\tat com.intellij.rt.testng.IDEARemoteTestNG.run(IDEARemoteTestNG.java:65)\r\n\tat com.intellij.rt.testng.RemoteTestNGStarter.main(RemoteTestNGStarter.java:105)\r\n"},"stage":"finished","steps":[],"attachments":[{"name":"Test Started","source":"64f30faa-00de-453b-8aba-cfe9009b6be7-attachment.txt","type":"text/plain"},{"name":"Validation Errors","source":"84e02729-f945-42be-89ce-592352f176f3-attachment.txt","type":"text/plain"},{"name":"Screenshot","source":"5a63fda8-d040-43e2-b9ad-6948f127ddc1-attachment","type":"image/png"},{"name":"Failure Reason","source":"2c3cce0a-7d70-4011-abcf-eead53ae0097-attachment.txt","type":"text/plain"},{"name":"Screenshot","source":"6bfa9a23-a80f-47c1-8254-33d75a83ecce-attachment","type":"image/png"}],"parameters":[{"name":"arg3","value":"Plots"},{"name":"arg2","value":"pavan123@gmail.com"},{"name":"arg4","value":"Valid Message"},{"name":"arg1","value":"9876543210"},{"name":"arg0","value":"Pavan123"}],"start":1764397493014,"stop":1764397500139}