{"uuid":"b32110af-d9b2-4937-825f-29b01f3bac88","historyId":"d9f471e46068d98137fa938b47f67617","fullName":"tests.ContactUsTest.verifyContactUsForm","labels":[{"name":"package","value":"tests.ContactUsTest"},{"name":"testClass","value":"tests.ContactUsTest"},{"name":"testMethod","value":"verifyContactUsForm"},{"name":"parentSuite","value":"Suite"},{"name":"suite","value":"Contact Us Tests"},{"name":"subSuite","value":"tests.ContactUsTest"},{"name":"host","value":"DESKTOP-3ROEG2M"},{"name":"thread","value":"9804@DESKTOP-3ROEG2M.main(1)"},{"name":"framework","value":"testng"},{"name":"language","value":"java"}],"links":[],"name":"verifyContactUsForm","status":"failed","statusDetails":{"known":false,"muted":false,"flaky":false,"message":"One or more validations FAILED.\n\n❌ Email Validation Failed\nEntered Value: sai@gmail\nRule: Must be a valid email format (e.g., name@gmail.com)\n\n","trace":"java.lang.AssertionError: One or more validations FAILED.\n\n❌ Email Validation Failed\nEntered Value: sai@gmail\nRule: Must be a valid email format (e.g., name@gmail.com)\n\n\r\n\tat org.testng.Assert.fail(Assert.java:111)\r\n\tat tests.ContactUsTest.verifyContactUsForm(ContactUsTest.java:81)\r\n\tat java.base/jdk.internal.reflect.DirectMethodHandleAccessor.invoke(DirectMethodHandleAccessor.java:103)\r\n\tat java.base/java.lang.reflect.Method.invoke(Method.java:580)\r\n\tat org.testng.internal.invokers.MethodInvocationHelper.invokeMethod(MethodInvocationHelper.java:141)\r\n\tat org.testng.internal.invokers.TestInvoker.invokeMethod(TestInvoker.java:686)\r\n\tat org.testng.internal.invokers.TestInvoker.invokeTestMethod(TestInvoker.java:230)\r\n\tat org.testng.internal.invokers.MethodRunner.runInSequence(MethodRunner.java:63)\r\n\tat org.testng.internal.invokers.TestInvoker$MethodInvocationAgent.invoke(TestInvoker.java:992)\r\n\tat org.testng.internal.invokers.TestInvoker.invokeTestMethods(TestInvoker.java:203)\r\n\tat org.testng.internal.invokers.TestMethodWorker.invokeTestMethods(TestMethodWorker.java:154)\r\n\tat org.testng.internal.invokers.TestMethodWorker.run(TestMethodWorker.java:134)\r\n\tat java.base/java.util.ArrayList.forEach(ArrayList.java:1596)\r\n\tat org.testng.TestRunner.privateRun(TestRunner.java:739)\r\n\tat org.testng.TestRunner.run(TestRunner.java:614)\r\n\tat org.testng.SuiteRunner.runTest(SuiteRunner.java:421)\r\n\tat org.testng.SuiteRunner.runSequentially(SuiteRunner.java:413)\r\n\tat org.testng.SuiteRunner.privateRun(SuiteRunner.java:373)\r\n\tat org.testng.SuiteRunner.run(SuiteRunner.java:312)\r\n\tat org.testng.SuiteRunnerWorker.runSuite(SuiteRunnerWorker.java:52)\r\n\tat org.testng.SuiteRunnerWorker.run(SuiteRunnerWorker.java:95)\r\n\tat org.testng.TestNG.runSuitesSequentially(TestNG.java:1274)\r\n\tat org.testng.TestNG.runSuitesLocally(TestNG.java:1208)\r\n\tat org.testng.TestNG.runSuites(TestNG.java:1112)\r\n\tat org.testng.TestNG.run(TestNG.java:1079)\r\n\tat com.intellij.rt.testng.IDEARemoteTestNG.run(IDEARemoteTestNG.java:65)\r\n\tat com.intellij.rt.testng.RemoteTestNGStarter.main(RemoteTestNGStarter.java:105)\r\n"},"stage":"finished","steps":[],"attachments":[{"name":"Test Started","source":"8c4670a9-ff1a-4de2-8583-5df3d9744088-attachment.txt","type":"text/plain"},{"name":"Validation Errors","source":"c82ea847-e4a8-438f-99a3-55d46ae07b7d-attachment.txt","type":"text/plain"},{"name":"Screenshot","source":"31f21dca-68aa-4d28-b9cf-4283f4c92764-attachment","type":"image/png"},{"name":"Failure Reason","source":"aa913d77-6732-4d00-a93d-a212f09de037-attachment.txt","type":"text/plain"},{"name":"Screenshot","source":"6fd1fd3e-3622-4393-9a96-89be1986225c-attachment","type":"image/png"}],"parameters":[{"name":"arg3","value":"Villa"},{"name":"arg2","value":"sai@gmail"},{"name":"arg4","value":"Valid 123"},{"name":"arg1","value":"9876543210"},{"name":"arg0","value":"Sai"}],"start":1764397555329,"stop":1764397562279}